app/build/intermediates/manifest_merge_blame_file/debug/manifest-merger-blame-debug-report.txt
1<?xml version="1.0" encoding="utf-8"?>
2<manifest xmlns:android="http://schemas.android.com/apk/res/android"
3    package="com.azhar.moviedb"
4    android:versionCode="1"
5    android:versionName="1.0" >
6
7    <uses-sdk
8        android:minSdkVersion="21"
8-->src\main\AndroidManifest.xml
9        android:targetSdkVersion="29" />
9-->src\main\AndroidManifest.xml
10
11    <uses-permission android:name="android.permission.INTERNET" />
11-->src\main\AndroidManifest.xml:5:5-67
11-->src\main\AndroidManifest.xml:5:22-64
12    <uses-permission android:name="android.permission.WAKE_LOCK" />
12-->src\main\AndroidManifest.xml:6:5-68
12-->src\main\AndroidManifest.xml:6:22-65
13    <uses-permission android:name="android.permission.VIBRATE" />
13-->src\main\AndroidManifest.xml:7:5-66
13-->src\main\AndroidManifest.xml:7:22-63
14    <uses-permission android:name="android.permission.ACCESS_NETWORK_STATE" />
14-->[io.realm:realm-android-library-object-server:5.1.0] AndroidManifest.xml:10:5-79
14-->[io.realm:realm-android-library-object-server:5.1.0] AndroidManifest.xml:10:22-76
15
16    <application
16-->src\main\AndroidManifest.xml:9:5-36:19
17        android:allowBackup="true"
17-->src\main\AndroidManifest.xml:10:9-35
18        android:appComponentFactory="androidx.core.app.CoreComponentFactory"
18-->[androidx.core:core:1.3.0] AndroidManifest.xml:24:18-86
19        android:debuggable="true"
20        android:icon="@mipmap/ic_launcher"
20-->src\main\AndroidManifest.xml:11:9-43
21        android:label="@string/app_name"
21-->src\main\AndroidManifest.xml:12:9-41
22        android:roundIcon="@mipmap/ic_launcher_round"
22-->src\main\AndroidManifest.xml:13:9-54
23        android:supportsRtl="true"
23-->src\main\AndroidManifest.xml:14:9-35
24        android:testOnly="true"
25        android:theme="@style/AppTheme"
25-->src\main\AndroidManifest.xml:15:9-40
26        android:usesCleartextTraffic="true" >
26-->src\main\AndroidManifest.xml:16:9-44
27        <activity android:name="com.azhar.moviedb.activities.DetailMovieActivity" />
27-->src\main\AndroidManifest.xml:17:9-85
27-->src\main\AndroidManifest.xml:17:19-82
28        <activity
28-->src\main\AndroidManifest.xml:18:9-26:20
29            android:name="com.azhar.moviedb.loginActivity"
29-->src\main\AndroidManifest.xml:18:19-65
30            android:exported="true" >
30-->src\main\AndroidManifest.xml:19:13-36
31            <intent-filter>
31-->src\main\AndroidManifest.xml:20:13-24:29
32                <action android:name="android.intent.action.MAIN" />
32-->src\main\AndroidManifest.xml:21:17-69
32-->src\main\AndroidManifest.xml:21:25-66
33
34                <category android:name="android.intent.category.LAUNCHER" />
34-->src\main\AndroidManifest.xml:23:17-77
34-->src\main\AndroidManifest.xml:23:27-74
35            </intent-filter>
36        </activity>
37        <activity
37-->src\main\AndroidManifest.xml:27:9-32:20
38            android:name="com.azhar.moviedb.activities.MainActivity"
38-->src\main\AndroidManifest.xml:28:13-69
39            android:configChanges="keyboardHidden|orientation|screenSize"
39-->src\main\AndroidManifest.xml:29:13-74
40            android:windowSoftInputMode="adjustPan" >
40-->src\main\AndroidManifest.xml:30:13-52
41        </activity>
42        <activity
42-->[com.google.firebase:firebase-auth:21.0.1] AndroidManifest.xml:27:9-44:20
43            android:name="com.google.firebase.auth.internal.GenericIdpActivity"
43-->[com.google.firebase:firebase-auth:21.0.1] AndroidManifest.xml:28:13-80
44            android:excludeFromRecents="true"
44-->[com.google.firebase:firebase-auth:21.0.1] AndroidManifest.xml:29:13-46
45            android:exported="true"
45-->[com.google.firebase:firebase-auth:21.0.1] AndroidManifest.xml:30:13-36
46            android:launchMode="singleTask"
46-->[com.google.firebase:firebase-auth:21.0.1] AndroidManifest.xml:31:13-44
47            android:theme="@android:style/Theme.Translucent.NoTitleBar" >
47-->[com.google.firebase:firebase-auth:21.0.1] AndroidManifest.xml:32:13-72
48            <intent-filter>
48-->[com.google.firebase:firebase-auth:21.0.1] AndroidManifest.xml:33:13-43:29
49                <action android:name="android.intent.action.VIEW" />
49-->[com.google.firebase:firebase-auth:21.0.1] AndroidManifest.xml:34:17-69
49-->[com.google.firebase:firebase-auth:21.0.1] AndroidManifest.xml:34:25-66
50
51                <category android:name="android.intent.category.DEFAULT" />
51-->[com.google.firebase:firebase-auth:21.0.1] AndroidManifest.xml:36:17-76
51-->[com.google.firebase:firebase-auth:21.0.1] AndroidManifest.xml:36:27-73
52                <category android:name="android.intent.category.BROWSABLE" />
52-->[com.google.firebase:firebase-auth:21.0.1] AndroidManifest.xml:37:17-78
52-->[com.google.firebase:firebase-auth:21.0.1] AndroidManifest.xml:37:27-75
53
54                <data
54-->[com.google.firebase:firebase-auth:21.0.1] AndroidManifest.xml:39:17-42:51
55                    android:host="firebase.auth"
55-->[com.google.firebase:firebase-auth:21.0.1] AndroidManifest.xml:40:21-49
56                    android:path="/"
56-->[com.google.firebase:firebase-auth:21.0.1] AndroidManifest.xml:41:21-37
57                    android:scheme="genericidp" />
57-->[com.google.firebase:firebase-auth:21.0.1] AndroidManifest.xml:42:21-48
58            </intent-filter>
59        </activity>
60        <activity
60-->[com.google.firebase:firebase-auth:21.0.1] AndroidManifest.xml:45:9-62:20
61            android:name="com.google.firebase.auth.internal.RecaptchaActivity"
61-->[com.google.firebase:firebase-auth:21.0.1] AndroidManifest.xml:46:13-79
62            android:excludeFromRecents="true"
62-->[com.google.firebase:firebase-auth:21.0.1] AndroidManifest.xml:47:13-46
63            android:exported="true"
63-->[com.google.firebase:firebase-auth:21.0.1] AndroidManifest.xml:48:13-36
64            android:launchMode="singleTask"
64-->[com.google.firebase:firebase-auth:21.0.1] AndroidManifest.xml:49:13-44
65            android:theme="@android:style/Theme.Translucent.NoTitleBar" >
65-->[com.google.firebase:firebase-auth:21.0.1] AndroidManifest.xml:50:13-72
66            <intent-filter>
66-->[com.google.firebase:firebase-auth:21.0.1] AndroidManifest.xml:51:13-61:29
67                <action android:name="android.intent.action.VIEW" />
67-->[com.google.firebase:firebase-auth:21.0.1] AndroidManifest.xml:34:17-69
67-->[com.google.firebase:firebase-auth:21.0.1] AndroidManifest.xml:34:25-66
68
69                <category android:name="android.intent.category.DEFAULT" />
69-->[com.google.firebase:firebase-auth:21.0.1] AndroidManifest.xml:36:17-76
69-->[com.google.firebase:firebase-auth:21.0.1] AndroidManifest.xml:36:27-73
70                <category android:name="android.intent.category.BROWSABLE" />
70-->[com.google.firebase:firebase-auth:21.0.1] AndroidManifest.xml:37:17-78
70-->[com.google.firebase:firebase-auth:21.0.1] AndroidManifest.xml:37:27-75
71
72                <data
72-->[com.google.firebase:firebase-auth:21.0.1] AndroidManifest.xml:39:17-42:51
73                    android:host="firebase.auth"
73-->[com.google.firebase:firebase-auth:21.0.1] AndroidManifest.xml:40:21-49
74                    android:path="/"
74-->[com.google.firebase:firebase-auth:21.0.1] AndroidManifest.xml:41:21-37
75                    android:scheme="recaptcha" />
75-->[com.google.firebase:firebase-auth:21.0.1] AndroidManifest.xml:42:21-48
76            </intent-filter>
77        </activity>
78
79        <service
79-->[com.google.firebase:firebase-auth:21.0.1] AndroidManifest.xml:64:9-73:19
80            android:name="com.google.firebase.auth.api.fallback.service.FirebaseAuthFallbackService"
80-->[com.google.firebase:firebase-auth:21.0.1] AndroidManifest.xml:65:13-101
81            android:enabled="true"
81-->[com.google.firebase:firebase-auth:21.0.1] AndroidManifest.xml:66:13-35
82            android:exported="false" >
82-->[com.google.firebase:firebase-auth:21.0.1] AndroidManifest.xml:67:13-37
83            <intent-filter>
83-->[com.google.firebase:firebase-auth:21.0.1] AndroidManifest.xml:68:13-72:29
84                <action android:name="com.google.firebase.auth.api.gms.service.START" />
84-->[com.google.firebase:firebase-auth:21.0.1] AndroidManifest.xml:69:17-89
84-->[com.google.firebase:firebase-auth:21.0.1] AndroidManifest.xml:69:25-86
85
86                <category android:name="android.intent.category.DEFAULT" />
86-->[com.google.firebase:firebase-auth:21.0.1] AndroidManifest.xml:36:17-76
86-->[com.google.firebase:firebase-auth:21.0.1] AndroidManifest.xml:36:27-73
87            </intent-filter>
88        </service>
89        <service
89-->[com.google.firebase:firebase-auth:21.0.1] AndroidManifest.xml:74:9-80:19
90            android:name="com.google.firebase.components.ComponentDiscoveryService"
90-->[com.google.firebase:firebase-auth:21.0.1] AndroidManifest.xml:75:13-84
91            android:directBootAware="true"
91-->[com.google.firebase:firebase-common:20.0.0] AndroidManifest.xml:35:13-43
92            android:exported="false" >
92-->[com.google.firebase:firebase-auth:21.0.1] AndroidManifest.xml:76:13-37
93            <meta-data
93-->[com.google.firebase:firebase-auth:21.0.1] AndroidManifest.xml:77:13-79:85
94                android:name="com.google.firebase.components:com.google.firebase.auth.FirebaseAuthRegistrar"
94-->[com.google.firebase:firebase-auth:21.0.1] AndroidManifest.xml:78:17-109
95                android:value="com.google.firebase.components.ComponentRegistrar" />
95-->[com.google.firebase:firebase-auth:21.0.1] AndroidManifest.xml:79:17-82
96            <meta-data
96-->[com.google.firebase:firebase-database:20.0.3] AndroidManifest.xml:32:13-34:85
97                android:name="com.google.firebase.components:com.google.firebase.database.DatabaseRegistrar"
97-->[com.google.firebase:firebase-database:20.0.3] AndroidManifest.xml:33:17-109
98                android:value="com.google.firebase.components.ComponentRegistrar" />
98-->[com.google.firebase:firebase-database:20.0.3] AndroidManifest.xml:34:17-82
99        </service>
100
101        <activity
101-->[com.google.android.gms:play-services-base:17.1.0] AndroidManifest.xml:23:9-26:75
102            android:name="com.google.android.gms.common.api.GoogleApiActivity"
102-->[com.google.android.gms:play-services-base:17.1.0] AndroidManifest.xml:24:13-79
103            android:exported="false"
103-->[com.google.android.gms:play-services-base:17.1.0] AndroidManifest.xml:25:13-37
104            android:theme="@android:style/Theme.Translucent.NoTitleBar" />
104-->[com.google.android.gms:play-services-base:17.1.0] AndroidManifest.xml:26:13-72
105
106        <provider
106-->[com.google.firebase:firebase-common:20.0.0] AndroidManifest.xml:26:9-31:39
107            android:name="com.google.firebase.provider.FirebaseInitProvider"
107-->[com.google.firebase:firebase-common:20.0.0] AndroidManifest.xml:27:13-77
108            android:authorities="com.azhar.moviedb.firebaseinitprovider"
108-->[com.google.firebase:firebase-common:20.0.0] AndroidManifest.xml:28:13-72
109            android:directBootAware="true"
109-->[com.google.firebase:firebase-common:20.0.0] AndroidManifest.xml:29:13-43
110            android:exported="false"
110-->[com.google.firebase:firebase-common:20.0.0] AndroidManifest.xml:30:13-37
111            android:initOrder="100" />
111-->[com.google.firebase:firebase-common:20.0.0] AndroidManifest.xml:31:13-36
112
113        <meta-data
113-->[com.google.android.gms:play-services-basement:17.1.0] AndroidManifest.xml:23:9-25:69
114            android:name="com.google.android.gms.version"
114-->[com.google.android.gms:play-services-basement:17.1.0] AndroidManifest.xml:24:13-58
115            android:value="@integer/google_play_services_version" />
115-->[com.google.android.gms:play-services-basement:17.1.0] AndroidManifest.xml:25:13-66
116
117        <provider
117-->[androidx.lifecycle:lifecycle-process:2.2.0] AndroidManifest.xml:25:9-29:43
118            android:name="androidx.lifecycle.ProcessLifecycleOwnerInitializer"
118-->[androidx.lifecycle:lifecycle-process:2.2.0] AndroidManifest.xml:26:13-79
119            android:authorities="com.azhar.moviedb.lifecycle-process"
119-->[androidx.lifecycle:lifecycle-process:2.2.0] AndroidManifest.xml:27:13-69
120            android:exported="false"
120-->[androidx.lifecycle:lifecycle-process:2.2.0] AndroidManifest.xml:28:13-37
121            android:multiprocess="true" />
121-->[androidx.lifecycle:lifecycle-process:2.2.0] AndroidManifest.xml:29:13-40
122    </application>
123
124</manifest>